<?xml version="1.0" encoding="UTF-8"?>
<testng-results ignored="0" total="9" passed="7" failed="2" skipped="0">
  <reporter-output>
  </reporter-output>
  <suite started-at="2025-02-07T10:00:36 IST" name="Suite" finished-at="2025-02-07T10:01:08 IST" duration-ms="32536">
    <groups>
    </groups>
    <test started-at="2025-02-07T10:00:36 IST" name="Test" finished-at="2025-02-07T10:01:08 IST" duration-ms="32536">
      <class name="testCases.TC_SI_008">
        <test-method is-config="true" signature="setUp()[pri:0, instance:testCases.TC_SI_008@6913c1fb]" started-at="2025-02-07T10:01:04 IST" name="setUp" finished-at="2025-02-07T10:01:05 IST" duration-ms="1361" status="PASS">
          <reporter-output>
          </reporter-output>
        </test-method> <!-- setUp -->
        <test-method signature="testSigninNoCredentials()[pri:0, instance:testCases.TC_SI_008@6913c1fb]" started-at="2025-02-07T10:01:05 IST" name="testSigninNoCredentials" finished-at="2025-02-07T10:01:06 IST" duration-ms="587" status="PASS">
          <reporter-output>
          </reporter-output>
        </test-method> <!-- testSigninNoCredentials -->
        <test-method is-config="true" signature="tearDown()[pri:0, instance:testCases.TC_SI_008@6913c1fb]" started-at="2025-02-07T10:01:06 IST" name="tearDown" finished-at="2025-02-07T10:01:06 IST" duration-ms="252" status="PASS">
          <reporter-output>
          </reporter-output>
        </test-method> <!-- tearDown -->
      </class> <!-- testCases.TC_SI_008 -->
      <class name="testCases.TC_SI_009">
        <test-method is-config="true" signature="setUp()[pri:0, instance:testCases.TC_SI_009@66d18979]" started-at="2025-02-07T10:01:06 IST" name="setUp" finished-at="2025-02-07T10:01:08 IST" duration-ms="1554" status="PASS">
          <reporter-output>
          </reporter-output>
        </test-method> <!-- setUp -->
        <test-method signature="testSigninForgotPasswordLink()[pri:0, instance:testCases.TC_SI_009@66d18979]" started-at="2025-02-07T10:01:08 IST" name="testSigninForgotPasswordLink" finished-at="2025-02-07T10:01:08 IST" duration-ms="496" status="FAIL">
          <exception class="org.openqa.selenium.NoSuchElementException">
            <message>
              <![CDATA[no such element: Unable to locate element: {"method":"xpath","selector":"//button[text()='Forgot Password']"}
  (Session info: chrome=132.0.6834.160)
For documentation on this error, please visit: https://www.selenium.dev/documentation/webdriver/troubleshooting/errors#no-such-element-exception
Build info: version: '4.28.1', revision: '73f5ad48a2'
System info: os.name: 'Windows 11', os.arch: 'amd64', os.version: '10.0', java.version: '23'
Driver info: org.openqa.selenium.chrome.ChromeDriver
Command: [c327d71f701092dd15a4f8a9985721da, findElement {using=xpath, value=//button[text()='Forgot Password']}]
Capabilities {acceptInsecureCerts: false, browserName: chrome, browserVersion: 132.0.6834.160, chrome: {chromedriverVersion: 132.0.6834.159 (2d77d3fc445..., userDataDir: C:\Users\pleas\AppData\Loca...}, fedcm:accounts: true, goog:chromeOptions: {debuggerAddress: localhost:55948}, networkConnectionEnabled: false, pageLoadStrategy: normal, platformName: windows, proxy: Proxy(), se:cdp: ws://localhost:55948/devtoo..., se:cdpVersion: 132.0.6834.160, setWindowRect: true, strictFileInteractability: false, timeouts: {implicit: 0, pageLoad: 300000, script: 30000}, unhandledPromptBehavior: dismiss and notify, webauthn:extension:credBlob: true, webauthn:extension:largeBlob: true, webauthn:extension:minPinLength: true, webauthn:extension:prf: true, webauthn:virtualAuthenticators: true}
Session ID: c327d71f701092dd15a4f8a9985721da]]>
            </message>
            <full-stacktrace>
              <![CDATA[org.openqa.selenium.NoSuchElementException: no such element: Unable to locate element: {"method":"xpath","selector":"//button[text()='Forgot Password']"}
  (Session info: chrome=132.0.6834.160)
For documentation on this error, please visit: https://www.selenium.dev/documentation/webdriver/troubleshooting/errors#no-such-element-exception
Build info: version: '4.28.1', revision: '73f5ad48a2'
System info: os.name: 'Windows 11', os.arch: 'amd64', os.version: '10.0', java.version: '23'
Driver info: org.openqa.selenium.chrome.ChromeDriver
Command: [c327d71f701092dd15a4f8a9985721da, findElement {using=xpath, value=//button[text()='Forgot Password']}]
Capabilities {acceptInsecureCerts: false, browserName: chrome, browserVersion: 132.0.6834.160, chrome: {chromedriverVersion: 132.0.6834.159 (2d77d3fc445..., userDataDir: C:\Users\pleas\AppData\Loca...}, fedcm:accounts: true, goog:chromeOptions: {debuggerAddress: localhost:55948}, networkConnectionEnabled: false, pageLoadStrategy: normal, platformName: windows, proxy: Proxy(), se:cdp: ws://localhost:55948/devtoo..., se:cdpVersion: 132.0.6834.160, setWindowRect: true, strictFileInteractability: false, timeouts: {implicit: 0, pageLoad: 300000, script: 30000}, unhandledPromptBehavior: dismiss and notify, webauthn:extension:credBlob: true, webauthn:extension:largeBlob: true, webauthn:extension:minPinLength: true, webauthn:extension:prf: true, webauthn:virtualAuthenticators: true}
Session ID: c327d71f701092dd15a4f8a9985721da
at java.base/jdk.internal.reflect.DirectConstructorHandleAccessor.newInstance(DirectConstructorHandleAccessor.java:62)
at java.base/java.lang.reflect.Constructor.newInstanceWithCaller(Constructor.java:501)
at java.base/java.lang.reflect.Constructor.newInstance(Constructor.java:485)
at org.openqa.selenium.remote.ErrorCodec.decode(ErrorCodec.java:167)
at org.openqa.selenium.remote.codec.w3c.W3CHttpResponseCodec.decode(W3CHttpResponseCodec.java:138)
at org.openqa.selenium.remote.codec.w3c.W3CHttpResponseCodec.decode(W3CHttpResponseCodec.java:50)
at org.openqa.selenium.remote.HttpCommandExecutor.execute(HttpCommandExecutor.java:215)
at org.openqa.selenium.remote.service.DriverCommandExecutor.invokeExecute(DriverCommandExecutor.java:216)
at org.openqa.selenium.remote.service.DriverCommandExecutor.execute(DriverCommandExecutor.java:174)
at org.openqa.selenium.remote.RemoteWebDriver.execute(RemoteWebDriver.java:545)
at org.openqa.selenium.remote.ElementLocation$ElementFinder$2.findElement(ElementLocation.java:165)
at org.openqa.selenium.remote.ElementLocation.findElement(ElementLocation.java:59)
at org.openqa.selenium.remote.RemoteWebDriver.findElement(RemoteWebDriver.java:368)
at org.openqa.selenium.remote.RemoteWebDriver.findElement(RemoteWebDriver.java:362)
at org.openqa.selenium.support.pagefactory.DefaultElementLocator.findElement(DefaultElementLocator.java:68)
at org.openqa.selenium.support.pagefactory.internal.LocatingElementHandler.invoke(LocatingElementHandler.java:38)
at jdk.proxy2/jdk.proxy2.$Proxy12.isDisplayed(Unknown Source)
at pageObject.SignInPage.verifyForgotPasswordLink(SignInPage.java:55)
at testCases.TC_SI_009.testSigninForgotPasswordLink(TC_SI_009.java:35)
at java.base/jdk.internal.reflect.DirectMethodHandleAccessor.invoke(DirectMethodHandleAccessor.java:103)
at java.base/java.lang.reflect.Method.invoke(Method.java:580)
at org.testng.internal.invokers.MethodInvocationHelper.invokeMethod(MethodInvocationHelper.java:141)
at org.testng.internal.invokers.TestInvoker.invokeMethod(TestInvoker.java:686)
at org.testng.internal.invokers.TestInvoker.invokeTestMethod(TestInvoker.java:230)
at org.testng.internal.invokers.MethodRunner.runInSequence(MethodRunner.java:63)
at org.testng.internal.invokers.TestInvoker$MethodInvocationAgent.invoke(TestInvoker.java:992)
at org.testng.internal.invokers.TestInvoker.invokeTestMethods(TestInvoker.java:203)
at org.testng.internal.invokers.TestMethodWorker.invokeTestMethods(TestMethodWorker.java:154)
at org.testng.internal.invokers.TestMethodWorker.run(TestMethodWorker.java:134)
at java.base/java.util.ArrayList.forEach(ArrayList.java:1597)
at org.testng.TestRunner.privateRun(TestRunner.java:739)
at org.testng.TestRunner.run(TestRunner.java:614)
at org.testng.SuiteRunner.runTest(SuiteRunner.java:421)
at org.testng.SuiteRunner.runSequentially(SuiteRunner.java:413)
at org.testng.SuiteRunner.privateRun(SuiteRunner.java:373)
at org.testng.SuiteRunner.run(SuiteRunner.java:312)
at org.testng.SuiteRunnerWorker.runSuite(SuiteRunnerWorker.java:52)
at org.testng.SuiteRunnerWorker.run(SuiteRunnerWorker.java:95)
at org.testng.TestNG.runSuitesSequentially(TestNG.java:1274)
at org.testng.TestNG.runSuitesLocally(TestNG.java:1208)
at org.testng.TestNG.runSuites(TestNG.java:1112)
at org.testng.TestNG.run(TestNG.java:1079)
at org.testng.remote.AbstractRemoteTestNG.run(AbstractRemoteTestNG.java:115)
at org.testng.remote.RemoteTestNG.initAndRun(RemoteTestNG.java:293)
at org.testng.remote.RemoteTestNG.main(RemoteTestNG.java:91)
]]>
            </full-stacktrace>
          </exception> <!-- org.openqa.selenium.NoSuchElementException -->
          <reporter-output>
          </reporter-output>
        </test-method> <!-- testSigninForgotPasswordLink -->
        <test-method is-config="true" signature="tearDown()[pri:0, instance:testCases.TC_SI_009@66d18979]" started-at="2025-02-07T10:01:08 IST" name="tearDown" finished-at="2025-02-07T10:01:08 IST" duration-ms="220" status="PASS">
          <reporter-output>
          </reporter-output>
        </test-method> <!-- tearDown -->
      </class> <!-- testCases.TC_SI_009 -->
      <class name="testCases.TC_SI_006">
        <test-method is-config="true" signature="setUp()[pri:0, instance:testCases.TC_SI_006@c0c2f8d]" started-at="2025-02-07T10:00:59 IST" name="setUp" finished-at="2025-02-07T10:01:00 IST" duration-ms="1385" status="PASS">
          <reporter-output>
          </reporter-output>
        </test-method> <!-- setUp -->
        <test-method signature="testSigninInvalidPasswordComplexity()[pri:0, instance:testCases.TC_SI_006@c0c2f8d]" started-at="2025-02-07T10:01:00 IST" name="testSigninInvalidPasswordComplexity" finished-at="2025-02-07T10:01:01 IST" duration-ms="913" status="PASS">
          <reporter-output>
          </reporter-output>
        </test-method> <!-- testSigninInvalidPasswordComplexity -->
        <test-method is-config="true" signature="tearDown()[pri:0, instance:testCases.TC_SI_006@c0c2f8d]" started-at="2025-02-07T10:01:01 IST" name="tearDown" finished-at="2025-02-07T10:01:02 IST" duration-ms="212" status="PASS">
          <reporter-output>
          </reporter-output>
        </test-method> <!-- tearDown -->
      </class> <!-- testCases.TC_SI_006 -->
      <class name="testCases.TC_SI_007">
        <test-method is-config="true" signature="setUp()[pri:0, instance:testCases.TC_SI_007@305b7c14]" started-at="2025-02-07T10:01:02 IST" name="setUp" finished-at="2025-02-07T10:01:03 IST" duration-ms="1350" status="PASS">
          <reporter-output>
          </reporter-output>
        </test-method> <!-- setUp -->
        <test-method signature="testSigninPasswordToggled()[pri:0, instance:testCases.TC_SI_007@305b7c14]" started-at="2025-02-07T10:01:03 IST" name="testSigninPasswordToggled" finished-at="2025-02-07T10:01:04 IST" duration-ms="691" status="PASS">
          <reporter-output>
          </reporter-output>
        </test-method> <!-- testSigninPasswordToggled -->
        <test-method is-config="true" signature="tearDown()[pri:0, instance:testCases.TC_SI_007@305b7c14]" started-at="2025-02-07T10:01:04 IST" name="tearDown" finished-at="2025-02-07T10:01:04 IST" duration-ms="231" status="PASS">
          <reporter-output>
          </reporter-output>
        </test-method> <!-- tearDown -->
      </class> <!-- testCases.TC_SI_007 -->
      <class name="testCases.TC_SI_004">
        <test-method is-config="true" signature="setUp()[pri:0, instance:testCases.TC_SI_004@63475ace]" started-at="2025-02-07T10:00:52 IST" name="setUp" finished-at="2025-02-07T10:00:54 IST" duration-ms="1353" status="PASS">
          <reporter-output>
          </reporter-output>
        </test-method> <!-- setUp -->
        <test-method signature="testSigninInvalidEmail()[pri:0, instance:testCases.TC_SI_004@63475ace]" started-at="2025-02-07T10:00:54 IST" name="testSigninInvalidEmail" finished-at="2025-02-07T10:00:56 IST" duration-ms="2387" status="PASS">
          <reporter-output>
          </reporter-output>
        </test-method> <!-- testSigninInvalidEmail -->
        <test-method is-config="true" signature="tearDown()[pri:0, instance:testCases.TC_SI_004@63475ace]" started-at="2025-02-07T10:00:56 IST" name="tearDown" finished-at="2025-02-07T10:00:56 IST" duration-ms="247" status="PASS">
          <reporter-output>
          </reporter-output>
        </test-method> <!-- tearDown -->
      </class> <!-- testCases.TC_SI_004 -->
      <class name="testCases.TC_SI_005">
        <test-method is-config="true" signature="setUp()[pri:0, instance:testCases.TC_SI_005@4988d8b8]" started-at="2025-02-07T10:00:56 IST" name="setUp" finished-at="2025-02-07T10:00:58 IST" duration-ms="1323" status="PASS">
          <reporter-output>
          </reporter-output>
        </test-method> <!-- setUp -->
        <test-method signature="testSigninInvalidEmailFormat()[pri:0, instance:testCases.TC_SI_005@4988d8b8]" started-at="2025-02-07T10:00:58 IST" name="testSigninInvalidEmailFormat" finished-at="2025-02-07T10:00:59 IST" duration-ms="1005" status="PASS">
          <reporter-output>
          </reporter-output>
        </test-method> <!-- testSigninInvalidEmailFormat -->
        <test-method is-config="true" signature="tearDown()[pri:0, instance:testCases.TC_SI_005@4988d8b8]" started-at="2025-02-07T10:00:59 IST" name="tearDown" finished-at="2025-02-07T10:00:59 IST" duration-ms="236" status="PASS">
          <reporter-output>
          </reporter-output>
        </test-method> <!-- tearDown -->
      </class> <!-- testCases.TC_SI_005 -->
      <class name="testCases.TC_SI_002">
        <test-method is-config="true" signature="setUp()[pri:0, instance:testCases.TC_SI_002@22fcf7ab]" started-at="2025-02-07T10:00:44 IST" name="setUp" finished-at="2025-02-07T10:00:46 IST" duration-ms="1316" status="PASS">
          <reporter-output>
          </reporter-output>
        </test-method> <!-- setUp -->
        <test-method signature="testSigninValidCred()[pri:0, instance:testCases.TC_SI_002@22fcf7ab]" started-at="2025-02-07T10:00:46 IST" name="testSigninValidCred" finished-at="2025-02-07T10:00:48 IST" duration-ms="2768" status="PASS">
          <reporter-output>
          </reporter-output>
        </test-method> <!-- testSigninValidCred -->
        <test-method is-config="true" signature="tearDown()[pri:0, instance:testCases.TC_SI_002@22fcf7ab]" started-at="2025-02-07T10:00:48 IST" name="tearDown" finished-at="2025-02-07T10:00:49 IST" duration-ms="286" status="PASS">
          <reporter-output>
          </reporter-output>
        </test-method> <!-- tearDown -->
      </class> <!-- testCases.TC_SI_002 -->
      <class name="testCases.TC_SI_003">
        <test-method is-config="true" signature="setUp()[pri:0, instance:testCases.TC_SI_003@2de23121]" started-at="2025-02-07T10:00:49 IST" name="setUp" finished-at="2025-02-07T10:00:50 IST" duration-ms="1337" status="PASS">
          <reporter-output>
          </reporter-output>
        </test-method> <!-- setUp -->
        <test-method signature="testSigninInvalidPassword()[pri:0, instance:testCases.TC_SI_003@2de23121]" started-at="2025-02-07T10:00:50 IST" name="testSigninInvalidPassword" finished-at="2025-02-07T10:00:52 IST" duration-ms="2096" status="PASS">
          <reporter-output>
          </reporter-output>
        </test-method> <!-- testSigninInvalidPassword -->
        <test-method is-config="true" signature="tearDown()[pri:0, instance:testCases.TC_SI_003@2de23121]" started-at="2025-02-07T10:00:52 IST" name="tearDown" finished-at="2025-02-07T10:00:52 IST" duration-ms="260" status="PASS">
          <reporter-output>
          </reporter-output>
        </test-method> <!-- tearDown -->
      </class> <!-- testCases.TC_SI_003 -->
      <class name="testCases.TC_SI_001">
        <test-method is-config="true" signature="setUp()[pri:0, instance:testCases.TC_SI_001@ae13544]" started-at="2025-02-07T10:00:36 IST" name="setUp" finished-at="2025-02-07T10:00:38 IST" duration-ms="2303" status="PASS">
          <reporter-output>
          </reporter-output>
        </test-method> <!-- setUp -->
        <test-method signature="testSigninPageNavigation()[pri:0, instance:testCases.TC_SI_001@ae13544]" started-at="2025-02-07T10:00:38 IST" name="testSigninPageNavigation" finished-at="2025-02-07T10:00:44 IST" duration-ms="5720" status="FAIL">
          <exception class="org.openqa.selenium.TimeoutException">
            <message>
              <![CDATA[Expected condition failed: waiting for visibility of Proxy element for: DefaultElementLocator 'By.xpath: //button[contains(text(),'sign up')]' (tried for 5 second(s) with 500 milliseconds interval)]]>
            </message>
            <full-stacktrace>
              <![CDATA[org.openqa.selenium.TimeoutException: Expected condition failed: waiting for visibility of Proxy element for: DefaultElementLocator 'By.xpath: //button[contains(text(),'sign up')]' (tried for 5 second(s) with 500 milliseconds interval)
at org.openqa.selenium.support.ui.WebDriverWait.timeoutException(WebDriverWait.java:84)
at org.openqa.selenium.support.ui.FluentWait.until(FluentWait.java:228)
at utilities.Helpers.waitForVisibilityOfElement(Helpers.java:46)
at pageObject.SignInPage.verifySignInPage(SignInPage.java:35)
at testCases.TC_SI_001.testSigninPageNavigation(TC_SI_001.java:27)
at java.base/jdk.internal.reflect.DirectMethodHandleAccessor.invoke(DirectMethodHandleAccessor.java:103)
at java.base/java.lang.reflect.Method.invoke(Method.java:580)
at org.testng.internal.invokers.MethodInvocationHelper.invokeMethod(MethodInvocationHelper.java:141)
at org.testng.internal.invokers.TestInvoker.invokeMethod(TestInvoker.java:686)
at org.testng.internal.invokers.TestInvoker.invokeTestMethod(TestInvoker.java:230)
at org.testng.internal.invokers.MethodRunner.runInSequence(MethodRunner.java:63)
at org.testng.internal.invokers.TestInvoker$MethodInvocationAgent.invoke(TestInvoker.java:992)
at org.testng.internal.invokers.TestInvoker.invokeTestMethods(TestInvoker.java:203)
at org.testng.internal.invokers.TestMethodWorker.invokeTestMethods(TestMethodWorker.java:154)
at org.testng.internal.invokers.TestMethodWorker.run(TestMethodWorker.java:134)
at java.base/java.util.ArrayList.forEach(ArrayList.java:1597)
at org.testng.TestRunner.privateRun(TestRunner.java:739)
at org.testng.TestRunner.run(TestRunner.java:614)
at org.testng.SuiteRunner.runTest(SuiteRunner.java:421)
at org.testng.SuiteRunner.runSequentially(SuiteRunner.java:413)
at org.testng.SuiteRunner.privateRun(SuiteRunner.java:373)
at org.testng.SuiteRunner.run(SuiteRunner.java:312)
at org.testng.SuiteRunnerWorker.runSuite(SuiteRunnerWorker.java:52)
at org.testng.SuiteRunnerWorker.run(SuiteRunnerWorker.java:95)
at org.testng.TestNG.runSuitesSequentially(TestNG.java:1274)
at org.testng.TestNG.runSuitesLocally(TestNG.java:1208)
at org.testng.TestNG.runSuites(TestNG.java:1112)
at org.testng.TestNG.run(TestNG.java:1079)
at org.testng.remote.AbstractRemoteTestNG.run(AbstractRemoteTestNG.java:115)
at org.testng.remote.RemoteTestNG.initAndRun(RemoteTestNG.java:293)
at org.testng.remote.RemoteTestNG.main(RemoteTestNG.java:91)
Caused by: org.openqa.selenium.NoSuchElementException: no such element: Unable to locate element: {"method":"xpath","selector":"//button[contains(text(),'sign up')]"}
  (Session info: chrome=132.0.6834.160)
For documentation on this error, please visit: https://www.selenium.dev/documentation/webdriver/troubleshooting/errors#no-such-element-exception
Build info: version: '4.28.1', revision: '73f5ad48a2'
System info: os.name: 'Windows 11', os.arch: 'amd64', os.version: '10.0', java.version: '23'
Driver info: org.openqa.selenium.chrome.ChromeDriver
Command: [cf62c1c9f256325ab3b5d4df5e2017c2, findElement {using=xpath, value=//button[contains(text(),'sign up')]}]
Capabilities {acceptInsecureCerts: false, browserName: chrome, browserVersion: 132.0.6834.160, chrome: {chromedriverVersion: 132.0.6834.159 (2d77d3fc445..., userDataDir: C:\Users\pleas\AppData\Loca...}, fedcm:accounts: true, goog:chromeOptions: {debuggerAddress: localhost:55771}, networkConnectionEnabled: false, pageLoadStrategy: normal, platformName: windows, proxy: Proxy(), se:cdp: ws://localhost:55771/devtoo..., se:cdpVersion: 132.0.6834.160, setWindowRect: true, strictFileInteractability: false, timeouts: {implicit: 0, pageLoad: 300000, script: 30000}, unhandledPromptBehavior: dismiss and notify, webauthn:extension:credBlob: true, webauthn:extension:largeBlob: true, webauthn:extension:minPinLength: true, webauthn:extension:prf: true, webauthn:virtualAuthenticators: true}
Session ID: cf62c1c9f256325ab3b5d4df5e2017c2
at java.base/jdk.internal.reflect.DirectConstructorHandleAccessor.newInstance(DirectConstructorHandleAccessor.java:62)
at java.base/java.lang.reflect.Constructor.newInstanceWithCaller(Constructor.java:501)
at java.base/java.lang.reflect.Constructor.newInstance(Constructor.java:485)
at org.openqa.selenium.remote.ErrorCodec.decode(ErrorCodec.java:167)
at org.openqa.selenium.remote.codec.w3c.W3CHttpResponseCodec.decode(W3CHttpResponseCodec.java:138)
at org.openqa.selenium.remote.codec.w3c.W3CHttpResponseCodec.decode(W3CHttpResponseCodec.java:50)
at org.openqa.selenium.remote.HttpCommandExecutor.execute(HttpCommandExecutor.java:215)
at org.openqa.selenium.remote.service.DriverCommandExecutor.invokeExecute(DriverCommandExecutor.java:216)
at org.openqa.selenium.remote.service.DriverCommandExecutor.execute(DriverCommandExecutor.java:174)
at org.openqa.selenium.remote.RemoteWebDriver.execute(RemoteWebDriver.java:545)
at org.openqa.selenium.remote.ElementLocation$ElementFinder$2.findElement(ElementLocation.java:165)
at org.openqa.selenium.remote.ElementLocation.findElement(ElementLocation.java:59)
at org.openqa.selenium.remote.RemoteWebDriver.findElement(RemoteWebDriver.java:368)
at org.openqa.selenium.remote.RemoteWebDriver.findElement(RemoteWebDriver.java:362)
at org.openqa.selenium.support.pagefactory.DefaultElementLocator.findElement(DefaultElementLocator.java:68)
at org.openqa.selenium.support.pagefactory.internal.LocatingElementHandler.invoke(LocatingElementHandler.java:38)
at jdk.proxy2/jdk.proxy2.$Proxy12.isDisplayed(Unknown Source)
at org.openqa.selenium.support.ui.ExpectedConditions.elementIfVisible(ExpectedConditions.java:304)
at org.openqa.selenium.support.ui.ExpectedConditions$10.apply(ExpectedConditions.java:290)
at org.openqa.selenium.support.ui.ExpectedConditions$10.apply(ExpectedConditions.java:287)
at org.openqa.selenium.support.ui.FluentWait.until(FluentWait.java:203)
... 29 more
]]>
            </full-stacktrace>
          </exception> <!-- org.openqa.selenium.TimeoutException -->
          <reporter-output>
          </reporter-output>
        </test-method> <!-- testSigninPageNavigation -->
        <test-method is-config="true" signature="tearDown()[pri:0, instance:testCases.TC_SI_001@ae13544]" started-at="2025-02-07T10:00:44 IST" name="tearDown" finished-at="2025-02-07T10:00:44 IST" duration-ms="202" status="PASS">
          <reporter-output>
          </reporter-output>
        </test-method> <!-- tearDown -->
      </class> <!-- testCases.TC_SI_001 -->
    </test> <!-- Test -->
  </suite> <!-- Suite -->
</testng-results>
